<?xml version="1.0" encoding="UTF-8"?>
<!-- Generated by org.testng.reporters.JUnitReportReporter -->
<testsuite hostname="LAPTOP-PTGAIKU9" failures="0" tests="1" name="Scenarios.TestCase015" time="14.388" errors="0" timestamp="2020-08-18T16:58:14 CDT" skipped="0">
  <testcase classname="Scenarios.TestCase015" name="adminLogin" time="14.388"/>
  <system-out/>
</testsuite> <!-- Scenarios.TestCase015 -->
