<?xml version="1.0" encoding="UTF-8"?>
<!-- Generated by org.testng.reporters.JUnitReportReporter -->
<testsuite hostname="LAPTOP-PTGAIKU9" failures="0" tests="1" name="com.training.sanity.tests.FilterProduct" time="16.433" errors="0" timestamp="2020-08-31T20:28:27 CDT" skipped="0">
  <testcase classname="com.training.sanity.tests.FilterProduct" name="deleteCatagory" time="16.433"/>
  <system-out/>
</testsuite> <!-- com.training.sanity.tests.FilterProduct -->
