<?xml version="1.0" encoding="UTF-8"?>
<!-- Generated by org.testng.reporters.JUnitReportReporter -->
<testsuite hostname="LAPTOP-PTGAIKU9" failures="0" tests="1" name="com.training.sanity.tests.DeleteMultipleProducts" time="21.051" errors="0" timestamp="2020-08-25T12:37:04 CDT" skipped="0">
  <testcase classname="com.training.sanity.tests.DeleteMultipleProducts" name="deleteMultipleProducts" time="21.051"/>
  <system-out/>
</testsuite> <!-- com.training.sanity.tests.DeleteMultipleProducts -->
