<?xml version="1.0" encoding="UTF-8"?>
<!-- Generated by org.testng.reporters.JUnitReportReporter -->
<testsuite hostname="LAPTOP-PTGAIKU9" failures="0" tests="1" name="com.training.sanity.tests.EditProduct" time="20.285" errors="0" timestamp="2020-08-25T14:42:40 CDT" skipped="0">
  <testcase classname="com.training.sanity.tests.EditProduct" name="editProduct" time="20.285"/>
  <system-out/>
</testsuite> <!-- com.training.sanity.tests.EditProduct -->
