<?xml version="1.0" encoding="UTF-8"?>
<!-- Generated by org.testng.reporters.JUnitReportReporter -->
<testsuite hostname="LAPTOP-PTGAIKU9" failures="0" tests="1" name="com.training.sanity.tests.FilterProduct" time="17.540" errors="0" timestamp="2020-08-20T20:50:47 CDT" skipped="0">
  <testcase classname="com.training.sanity.tests.FilterProduct" name="deleteCatagory" time="17.540"/>
  <system-out/>
</testsuite> <!-- com.training.sanity.tests.FilterProduct -->
