<?xml version="1.0" encoding="UTF-8"?>
<!-- Generated by org.testng.reporters.JUnitReportReporter -->
<testsuite hostname="LAPTOP-PTGAIKU9" failures="0" tests="1" name="Scenarios.Scenario014" time="14.193" errors="0" timestamp="2020-08-18T16:44:57 CDT" skipped="0">
  <testcase classname="Scenarios.Scenario014" name="adminLogin" time="14.193"/>
  <system-out/>
</testsuite> <!-- Scenarios.Scenario014 -->
