<?xml version="1.0" encoding="UTF-8"?>
<!-- Generated by org.testng.reporters.JUnitReportReporter -->
<testsuite hostname="LAPTOP-PTGAIKU9" failures="0" tests="1" name="com.training.sanity.tests.DeleteCatagory" time="19.137" errors="0" timestamp="2020-08-20T18:13:44 CDT" skipped="0">
  <testcase classname="com.training.sanity.tests.DeleteCatagory" name="deleteCatagory" time="19.137"/>
  <system-out/>
</testsuite> <!-- com.training.sanity.tests.DeleteCatagory -->
