<?xml version="1.0" encoding="UTF-8"?>
<!-- Generated by org.testng.reporters.JUnitReportReporter -->
<testsuite hostname="LAPTOP-PTGAIKU9" failures="0" tests="1" name="com.training.sanity.tests.ViewOrderAndGenerateInvoice" time="15.526" errors="0" timestamp="2020-08-25T14:29:20 CDT" skipped="0">
  <testcase classname="com.training.sanity.tests.ViewOrderAndGenerateInvoice" name="viewProduct" time="15.526"/>
  <system-out/>
</testsuite> <!-- com.training.sanity.tests.ViewOrderAndGenerateInvoice -->
