<?xml version="1.0" encoding="UTF-8"?>
<!-- Generated by org.testng.reporters.JUnitReportReporter -->
<testsuite hostname="LAPTOP-PTGAIKU9" failures="0" tests="1" name="Scenarios.TestCase013" time="12.822" errors="0" timestamp="2020-08-18T16:29:11 CDT" skipped="0">
  <testcase classname="Scenarios.TestCase013" name="adminLogin" time="12.822"/>
  <system-out/>
</testsuite> <!-- Scenarios.TestCase013 -->
