<?xml version="1.0" encoding="UTF-8"?>
<!-- Generated by org.testng.reporters.JUnitReportReporter -->
<testsuite hostname="LAPTOP-PTGAIKU9" failures="0" tests="1" name="com.training.sanity.tests.DeleteProduct" time="16.325" errors="0" timestamp="2020-08-20T21:04:34 CDT" skipped="0">
  <testcase classname="com.training.sanity.tests.DeleteProduct" name="deleteCatagory" time="16.325"/>
  <system-out/>
</testsuite> <!-- com.training.sanity.tests.DeleteProduct -->
